{"logLevel":"debug","message":"multithreading is set to false"}
{"logLevel":"debug","message":"Using reflection to scan dependencies for gauge implementations..."}
SLF4J: Failed to load class "org.slf4j.impl.StaticLoggerBinder".
SLF4J: Defaulting to no-operation (NOP) logger implementation
SLF4J: See http://www.slf4j.org/codes.html#StaticLoggerBinder for further details.
{"logLevel":"debug","message":"Scanning packages for steps"}
{"logLevel":"debug","message":"Comparing 'org.example.StepImplementation.ensureInstallationInstructionsAreAvailable' and 'org.example.StepImplementation.ensureInstallationInstructionsAreAvailable'"}
{"logLevel":"debug","message":"Found Ensure installation instructions are available in current project scope."}
{"logLevel":"debug","message":"Comparing 'test.homeTest.goToUrl' and 'test.homeTest.goToUrl'"}
{"logLevel":"debug","message":"Found Go to the gittigidiyor in current project scope."}
{"logLevel":"debug","message":"Comparing 'org.example.StepImplementation.gotoGetStartedPage' and 'org.example.StepImplementation.gotoGetStartedPage'"}
{"logLevel":"debug","message":"Found Go to Gauge Get Started Page in current project scope."}
{"logLevel":"debug","message":"Comparing 'org.example.StepImplementation.implementation1' and 'org.example.StepImplementation.implementation1'"}
{"logLevel":"debug","message":"Found Open the Gauge homepage in current project scope."}
{"logLevel":"debug","message":"Comparing 'test.loginTest.enterButton' and 'test.loginTest.enterButton'"}
{"logLevel":"debug","message":"Found Enter Button in current project scope."}
{"logLevel":"debug","message":"Scanning packages for hooks"}
{"logLevel":"debug","message":"Scanned steps (using static parsing + reflections): "}
{"logLevel":"debug","message":"\tOpen the Gauge homepage : public void implementation1()"}
{"logLevel":"debug","message":"\tGo to Gauge Get Started Page : public void gotoGetStartedPage() throws InterruptedException"}
{"logLevel":"debug","message":"\tGo to the gittigidiyor : public void goToUrl()"}
{"logLevel":"debug","message":"\tEnsure installation instructions are available : public void ensureInstallationInstructionsAreAvailable() throws InterruptedException"}
{"logLevel":"debug","message":"\tEnter Button : public void enterButton()"}
{"logLevel":"debug","message":"gauge-java took 14311milliseconds to load and scan. This should be less than 'runner_connection_timeout' config value."}
{"logLevel":"debug","message":"run 'gauge config runner_connection_timeout' and verify that it is < 14311"}
{"logLevel":"debug","message":"starting gRPC server..."}
{"logLevel":"debug","message":"started gRPC server on port 53718"}
{"logLevel":"info","message":"Listening on port:53718"}
Starting ChromeDriver 90.0.4430.24 (4c6d850f087da467d926e8eddb76550aed655991-refs/branch-heads/4430@{#429}) on port 25742
Only local connections are allowed.
Please see https://chromedriver.chromium.org/security-considerations for suggestions on keeping ChromeDriver safe.
ChromeDriver was started successfully.
May 22, 2021 11:35:13 PM org.openqa.selenium.remote.ProtocolHandshake createSession
INFO: Detected dialect: W3C
test baslasin
{"logLevel":"debug","message":"Executing 'Go to the gittigidiyor' using 'class test.homeTest.goToUrl"}
test basladı
{"logLevel":"debug","message":"Executing 'Enter Button' using 'class test.loginTest.enterButton"}
{"logLevel":"debug","message":"Killing Java runner..."}
{"logLevel":"debug","message":"Stopping execution pool..."}
{"logLevel":"debug","message":"Shutting down grpc server..."}
{"logLevel":"debug","message":"Runner killed gracefully."}
